2021-03-30 09:39:09,175 [7] INFO dotnetAPI.Host.Controllers.CustomerController - test log4net
2021-03-30 09:39:27,015 [5] INFO dotnetAPI.Host.Controllers.CustomerController - test log4net
2021-03-30 09:39:37,531 [14] INFO dotnetAPI.Host.Controllers.CustomerController - test log4net
2021-03-30 09:46:49,781 [8] INFO dotnetAPI.Host.Controllers.CustomerController - test log4net
2021-03-30 09:48:23,449 [6] INFO dotnetAPI.Host.Controllers.CustomerController - test log4net
2021-03-30 11:21:15,112 [8] INFO dotnetAPI.Host.Controllers.CustomerController - Log test
2021-03-30 15:43:36,138 [6] INFO DotnetAPI.Data.Repositories.LogErrorRepository - sadadasd
2021-03-30 15:45:15,463 [6] INFO DotnetAPI.Data.Repositories.LogErrorRepository - asdad
2021-03-30 15:49:23,528 [7] INFO DotnetAPI.Data.Repositories.LogErrorRepository - Lê Tr?ng Tài
2021-03-30 17:30:06,122 [7] INFO DotnetAPI.Data.Repositories.LogErrorRepository - dotnetAPI.Model.LogError
2021-03-30 17:31:15,711 [6] INFO DotnetAPI.Data.Repositories.LogErrorRepository - adsdasa
2021-03-30 23:24:58,194 [5] INFO DotnetAPI.Data.Repositories.LogErrorRepository - Store update, insert, or delete statement affected an unexpected number of rows (0). Entities may have been modified or deleted since entities were loaded. See http://go.microsoft.com/fwlink/?LinkId=472540 for information on understanding and handling optimistic concurrency exceptions.
2021-03-30 23:44:12,747 [6] INFO DotnetAPI.Data.Repositories.LogErrorRepository - Store update, insert, or delete statement affected an unexpected number of rows (0). Entities may have been modified or deleted since entities were loaded. See http://go.microsoft.com/fwlink/?LinkId=472540 for information on understanding and handling optimistic concurrency exceptions.
2021-03-30 23:47:28,477 [6] INFO DotnetAPI.Data.Repositories.LogErrorRepository - Store update, insert, or delete statement affected an unexpected number of rows (0). Entities may have been modified or deleted since entities were loaded. See http://go.microsoft.com/fwlink/?LinkId=472540 for information on understanding and handling optimistic concurrency exceptions.
2021-03-31 01:00:05,889 [6] INFO DotnetAPI.Data.Repositories.LogErrorRepository - Store update, insert, or delete statement affected an unexpected number of rows (0). Entities may have been modified or deleted since entities were loaded. See http://go.microsoft.com/fwlink/?LinkId=472540 for information on understanding and handling optimistic concurrency exceptions.
2021-03-31 01:17:42,558 [8] INFO DotnetAPI.Data.Repositories.LogErrorRepository - Store update, insert, or delete statement affected an unexpected number of rows (0). Entities may have been modified or deleted since entities were loaded. See http://go.microsoft.com/fwlink/?LinkId=472540 for information on understanding and handling optimistic concurrency exceptions.
2021-03-31 01:19:43,168 [6] INFO DotnetAPI.Data.Repositories.LogErrorRepository - Store update, insert, or delete statement affected an unexpected number of rows (0). Entities may have been modified or deleted since entities were loaded. See http://go.microsoft.com/fwlink/?LinkId=472540 for information on understanding and handling optimistic concurrency exceptions.
2021-03-31 01:22:17,929 [7] INFO DotnetAPI.Data.Repositories.LogErrorRepository - Store update, insert, or delete statement affected an unexpected number of rows (0). Entities may have been modified or deleted since entities were loaded. See http://go.microsoft.com/fwlink/?LinkId=472540 for information on understanding and handling optimistic concurrency exceptions.
2021-03-31 01:24:10,574 [7] INFO DotnetAPI.Data.Repositories.LogErrorRepository - Store update, insert, or delete statement affected an unexpected number of rows (0). Entities may have been modified or deleted since entities were loaded. See http://go.microsoft.com/fwlink/?LinkId=472540 for information on understanding and handling optimistic concurrency exceptions.
2021-03-31 01:28:01,866 [6] INFO DotnetAPI.Data.Repositories.LogErrorRepository - Store update, insert, or delete statement affected an unexpected number of rows (0). Entities may have been modified or deleted since entities were loaded. See http://go.microsoft.com/fwlink/?LinkId=472540 for information on understanding and handling optimistic concurrency exceptions.
2021-03-31 01:32:20,528 [7] INFO DotnetAPI.Data.Repositories.LogErrorRepository - Store update, insert, or delete statement affected an unexpected number of rows (0). Entities may have been modified or deleted since entities were loaded. See http://go.microsoft.com/fwlink/?LinkId=472540 for information on understanding and handling optimistic concurrency exceptions.
2021-03-31 01:39:44,116 [6] INFO DotnetAPI.Data.Repositories.LogErrorRepository - Store update, insert, or delete statement affected an unexpected number of rows (0). Entities may have been modified or deleted since entities were loaded. See http://go.microsoft.com/fwlink/?LinkId=472540 for information on understanding and handling optimistic concurrency exceptions.
2021-03-31 01:40:37,082 [7] INFO DotnetAPI.Data.Repositories.LogErrorRepository - Store update, insert, or delete statement affected an unexpected number of rows (0). Entities may have been modified or deleted since entities were loaded. See http://go.microsoft.com/fwlink/?LinkId=472540 for information on understanding and handling optimistic concurrency exceptions.
2021-03-31 01:41:46,988 [6] INFO DotnetAPI.Data.Repositories.LogErrorRepository - Store update, insert, or delete statement affected an unexpected number of rows (0). Entities may have been modified or deleted since entities were loaded. See http://go.microsoft.com/fwlink/?LinkId=472540 for information on understanding and handling optimistic concurrency exceptions.
2021-03-31 01:43:43,784 [5] INFO DotnetAPI.Data.Repositories.LogErrorRepository - Store update, insert, or delete statement affected an unexpected number of rows (0). Entities may have been modified or deleted since entities were loaded. See http://go.microsoft.com/fwlink/?LinkId=472540 for information on understanding and handling optimistic concurrency exceptions.
2021-03-31 01:44:55,727 [6] INFO DotnetAPI.Data.Repositories.LogErrorRepository - Store update, insert, or delete statement affected an unexpected number of rows (0). Entities may have been modified or deleted since entities were loaded. See http://go.microsoft.com/fwlink/?LinkId=472540 for information on understanding and handling optimistic concurrency exceptions.
2021-03-31 01:45:49,737 [7] INFO DotnetAPI.Data.Repositories.LogErrorRepository - Store update, insert, or delete statement affected an unexpected number of rows (0). Entities may have been modified or deleted since entities were loaded. See http://go.microsoft.com/fwlink/?LinkId=472540 for information on understanding and handling optimistic concurrency exceptions.
2021-03-31 01:47:37,682 [6] INFO DotnetAPI.Data.Repositories.LogErrorRepository - Store update, insert, or delete statement affected an unexpected number of rows (0). Entities may have been modified or deleted since entities were loaded. See http://go.microsoft.com/fwlink/?LinkId=472540 for information on understanding and handling optimistic concurrency exceptions.
2021-03-31 01:50:48,314 [7] INFO DotnetAPI.Data.Repositories.LogErrorRepository - Store update, insert, or delete statement affected an unexpected number of rows (0). Entities may have been modified or deleted since entities were loaded. See http://go.microsoft.com/fwlink/?LinkId=472540 for information on understanding and handling optimistic concurrency exceptions.
2021-03-31 01:53:20,494 [7] INFO DotnetAPI.Data.Repositories.LogErrorRepository - Store update, insert, or delete statement affected an unexpected number of rows (0). Entities may have been modified or deleted since entities were loaded. See http://go.microsoft.com/fwlink/?LinkId=472540 for information on understanding and handling optimistic concurrency exceptions.
2021-03-31 01:58:23,557 [6] INFO DotnetAPI.Data.Repositories.LogErrorRepository - Store update, insert, or delete statement affected an unexpected number of rows (0). Entities may have been modified or deleted since entities were loaded. See http://go.microsoft.com/fwlink/?LinkId=472540 for information on understanding and handling optimistic concurrency exceptions.
2021-03-31 01:59:54,596 [6] INFO DotnetAPI.Data.Repositories.LogErrorRepository - Store update, insert, or delete statement affected an unexpected number of rows (0). Entities may have been modified or deleted since entities were loaded. See http://go.microsoft.com/fwlink/?LinkId=472540 for information on understanding and handling optimistic concurrency exceptions.
2021-04-02 09:18:51,310 [5] INFO DotnetAPI.Data.Repositories.LogErrorRepository - Missing type map configuration or unsupported mapping.

Mapping types:
CustomerDto -> Customer
dotnetAPI.Model.DTO.CustomerDto -> dotnetAPI.Model.Models.Customer

Destination path:
Customer

Source value:
dotnetAPI.Model.DTO.CustomerDto
2021-04-02 09:20:18,081 [7] INFO DotnetAPI.Data.Repositories.LogErrorRepository - Missing type map configuration or unsupported mapping.

Mapping types:
CustomerDto -> Customer
dotnetAPI.Model.DTO.CustomerDto -> dotnetAPI.Model.Models.Customer

Destination path:
Customer

Source value:
dotnetAPI.Model.DTO.CustomerDto
2021-04-02 09:21:18,887 [6] INFO DotnetAPI.Data.Repositories.LogErrorRepository - Missing type map configuration or unsupported mapping.

Mapping types:
CustomerDto -> Customer
dotnetAPI.Model.DTO.CustomerDto -> dotnetAPI.Model.Models.Customer

Destination path:
Customer

Source value:
dotnetAPI.Model.DTO.CustomerDto
2021-04-02 09:27:04,835 [7] INFO DotnetAPI.Data.Repositories.LogErrorRepository - Value cannot be null.
Parameter name: entity
2021-04-02 09:27:11,117 [6] INFO DotnetAPI.Data.Repositories.LogErrorRepository - Value cannot be null.
Parameter name: entity
2021-04-02 09:29:04,092 [6] INFO DotnetAPI.Data.Repositories.LogErrorRepository - Missing type map configuration or unsupported mapping.

Mapping types:
CustomerDto -> Customer
dotnetAPI.Model.DTO.CustomerDto -> dotnetAPI.Model.Models.Customer

Destination path:
Customer

Source value:
dotnetAPI.Model.DTO.CustomerDto
2021-04-02 09:32:01,916 [10] INFO DotnetAPI.Data.Repositories.LogErrorRepository - Value cannot be null.
Parameter name: entity
